<?xml version="1.0" encoding="UTF-8"?>
<!-- Generated by org.testng.reporters.JUnitXMLReporter -->
<testsuite hostname="S3LAP700" ignored="2" name="testing" tests="4" failures="4" timestamp="21 Jul 2020 10:26:28 GMT" time="0.094" errors="0">
  <testcase name="verifyHomePageHeader" time="0.022" classname="com.qa.test.Testing">
    <failure type="java.lang.NullPointerException">
      <![CDATA[java.lang.NullPointerException
at com.qa.test.Testing.verifyHomePageHeader(Testing.java:70)
... Removed 25 stack frames]]>
    </failure>
  </testcase> <!-- verifyHomePageHeader -->
  <testcase name="verifyPageTitle" time="0.003" classname="com.qa.test.Testing">
    <failure type="java.lang.NullPointerException">
      <![CDATA[java.lang.NullPointerException
at com.qa.test.Testing.verifyPageTitle(Testing.java:56)
... Removed 25 stack frames]]>
    </failure>
  </testcase> <!-- verifyPageTitle -->
  <testcase name="verify_SubmitButton" time="0.002" classname="com.qa.test.Testing">
    <failure type="java.lang.NullPointerException">
      <![CDATA[java.lang.NullPointerException
at com.qa.test.Testing.verify_SubmitButton(Testing.java:83)
... Removed 25 stack frames]]>
    </failure>
  </testcase> <!-- verify_SubmitButton -->
  <testcase name="verify_VehicleListOfValues" time="0.003" classname="com.qa.test.Testing">
    <failure type="java.lang.NullPointerException">
      <![CDATA[java.lang.NullPointerException
at com.qa.test.Testing.verify_VehicleListOfValues(Testing.java:90)
... Removed 25 stack frames]]>
    </failure>
  </testcase> <!-- verify_VehicleListOfValues -->
  <testcase name="verifyVehicleListOfValues" time="0.0" classname="com.qa.test.Testing">
    <ignored/>
  </testcase> <!-- verifyVehicleListOfValues -->
  <testcase name="verifySubmitButton" time="0.0" classname="com.qa.test.Testing">
    <ignored/>
  </testcase> <!-- verifySubmitButton -->
</testsuite> <!-- testing -->
