<?xml version="1.0" encoding="UTF-8"?>
<testng-results skipped="0" failed="0" ignored="0" total="6" passed="6">
  <reporter-output>
  </reporter-output>
  <suite name="Default suite" duration-ms="50800" started-at="2020-07-24T07:04:00Z" finished-at="2020-07-24T07:04:51Z">
    <groups>
      <group name="Regression">
        <method signature="Testing.verifyHomePageHeader()[pri:0, instance:com.qa.test.Testing@6093dd95]" name="verifyHomePageHeader" class="com.qa.test.Testing"/>
        <method signature="Testing.verifyPageTitle()[pri:0, instance:com.qa.test.Testing@6093dd95]" name="verifyPageTitle" class="com.qa.test.Testing"/>
        <method signature="Testing.verify_SubmitButton()[pri:0, instance:com.qa.test.Testing@6093dd95]" name="verify_SubmitButton" class="com.qa.test.Testing"/>
        <method signature="Testing.verify_VehicleListOfValues()[pri:0, instance:com.qa.test.Testing@6093dd95]" name="verify_VehicleListOfValues" class="com.qa.test.Testing"/>
      </group> <!-- Regression -->
      <group name="Smoke">
        <method signature="Testing.verifySubmitButton()[pri:0, instance:com.qa.test.Testing@6093dd95]" name="verifySubmitButton" class="com.qa.test.Testing"/>
        <method signature="Testing.verifyVehicleListOfValues()[pri:0, instance:com.qa.test.Testing@6093dd95]" name="verifyVehicleListOfValues" class="com.qa.test.Testing"/>
      </group> <!-- Smoke -->
    </groups>
    <test name="Default test" duration-ms="50800" started-at="2020-07-24T07:04:00Z" finished-at="2020-07-24T07:04:51Z">
      <class name="com.qa.test.Testing">
        <test-method status="PASS" signature="openBrowser()[pri:0, instance:com.qa.test.Testing@6093dd95]" name="openBrowser" is-config="true" duration-ms="6311" started-at="2020-07-24T07:04:00Z" finished-at="2020-07-24T07:04:06Z">
          <reporter-output>
          </reporter-output>
        </test-method> <!-- openBrowser -->
        <test-method status="PASS" signature="verifyHomePageHeader()[pri:0, instance:com.qa.test.Testing@6093dd95]" name="verifyHomePageHeader" duration-ms="71" started-at="2020-07-24T07:04:06Z" finished-at="2020-07-24T07:04:07Z">
          <reporter-output>
          </reporter-output>
        </test-method> <!-- verifyHomePageHeader -->
        <test-method status="PASS" signature="tearDown()[pri:0, instance:com.qa.test.Testing@6093dd95]" name="tearDown" is-config="true" duration-ms="637" started-at="2020-07-24T07:04:07Z" finished-at="2020-07-24T07:04:07Z">
          <reporter-output>
          </reporter-output>
        </test-method> <!-- tearDown -->
        <test-method status="PASS" signature="openBrowser()[pri:0, instance:com.qa.test.Testing@6093dd95]" name="openBrowser" is-config="true" duration-ms="5616" started-at="2020-07-24T07:04:07Z" finished-at="2020-07-24T07:04:13Z">
          <reporter-output>
          </reporter-output>
        </test-method> <!-- openBrowser -->
        <test-method status="PASS" signature="verifyPageTitle()[pri:0, instance:com.qa.test.Testing@6093dd95]" name="verifyPageTitle" duration-ms="12" started-at="2020-07-24T07:04:13Z" finished-at="2020-07-24T07:04:13Z">
          <reporter-output>
          </reporter-output>
        </test-method> <!-- verifyPageTitle -->
        <test-method status="PASS" signature="tearDown()[pri:0, instance:com.qa.test.Testing@6093dd95]" name="tearDown" is-config="true" duration-ms="649" started-at="2020-07-24T07:04:13Z" finished-at="2020-07-24T07:04:13Z">
          <reporter-output>
          </reporter-output>
        </test-method> <!-- tearDown -->
        <test-method status="PASS" signature="openBrowser()[pri:0, instance:com.qa.test.Testing@6093dd95]" name="openBrowser" is-config="true" duration-ms="5947" started-at="2020-07-24T07:04:13Z" finished-at="2020-07-24T07:04:19Z">
          <reporter-output>
          </reporter-output>
        </test-method> <!-- openBrowser -->
        <test-method status="PASS" signature="verifySubmitButton()[pri:0, instance:com.qa.test.Testing@6093dd95]" name="verifySubmitButton" duration-ms="5192" started-at="2020-07-24T07:04:19Z" finished-at="2020-07-24T07:04:25Z">
          <reporter-output>
          </reporter-output>
        </test-method> <!-- verifySubmitButton -->
        <test-method status="PASS" signature="tearDown()[pri:0, instance:com.qa.test.Testing@6093dd95]" name="tearDown" is-config="true" duration-ms="634" started-at="2020-07-24T07:04:25Z" finished-at="2020-07-24T07:04:25Z">
          <reporter-output>
          </reporter-output>
        </test-method> <!-- tearDown -->
        <test-method status="PASS" signature="openBrowser()[pri:0, instance:com.qa.test.Testing@6093dd95]" name="openBrowser" is-config="true" duration-ms="5577" started-at="2020-07-24T07:04:25Z" finished-at="2020-07-24T07:04:31Z">
          <reporter-output>
          </reporter-output>
        </test-method> <!-- openBrowser -->
        <test-method status="PASS" signature="verifyVehicleListOfValues()[pri:0, instance:com.qa.test.Testing@6093dd95]" name="verifyVehicleListOfValues" duration-ms="139" started-at="2020-07-24T07:04:31Z" finished-at="2020-07-24T07:04:31Z">
          <reporter-output>
          </reporter-output>
        </test-method> <!-- verifyVehicleListOfValues -->
        <test-method status="PASS" signature="tearDown()[pri:0, instance:com.qa.test.Testing@6093dd95]" name="tearDown" is-config="true" duration-ms="1367" started-at="2020-07-24T07:04:31Z" finished-at="2020-07-24T07:04:32Z">
          <reporter-output>
          </reporter-output>
        </test-method> <!-- tearDown -->
        <test-method status="PASS" signature="openBrowser()[pri:0, instance:com.qa.test.Testing@6093dd95]" name="openBrowser" is-config="true" duration-ms="5792" started-at="2020-07-24T07:04:32Z" finished-at="2020-07-24T07:04:38Z">
          <reporter-output>
          </reporter-output>
        </test-method> <!-- openBrowser -->
        <test-method status="PASS" signature="verify_SubmitButton()[pri:0, instance:com.qa.test.Testing@6093dd95]" name="verify_SubmitButton" duration-ms="5146" started-at="2020-07-24T07:04:38Z" finished-at="2020-07-24T07:04:43Z">
          <reporter-output>
          </reporter-output>
        </test-method> <!-- verify_SubmitButton -->
        <test-method status="PASS" signature="tearDown()[pri:0, instance:com.qa.test.Testing@6093dd95]" name="tearDown" is-config="true" duration-ms="732" started-at="2020-07-24T07:04:43Z" finished-at="2020-07-24T07:04:44Z">
          <reporter-output>
          </reporter-output>
        </test-method> <!-- tearDown -->
        <test-method status="PASS" signature="openBrowser()[pri:0, instance:com.qa.test.Testing@6093dd95]" name="openBrowser" is-config="true" duration-ms="6187" started-at="2020-07-24T07:04:44Z" finished-at="2020-07-24T07:04:50Z">
          <reporter-output>
          </reporter-output>
        </test-method> <!-- openBrowser -->
        <test-method status="PASS" signature="verify_VehicleListOfValues()[pri:0, instance:com.qa.test.Testing@6093dd95]" name="verify_VehicleListOfValues" duration-ms="115" started-at="2020-07-24T07:04:50Z" finished-at="2020-07-24T07:04:50Z">
          <reporter-output>
          </reporter-output>
        </test-method> <!-- verify_VehicleListOfValues -->
        <test-method status="PASS" signature="tearDown()[pri:0, instance:com.qa.test.Testing@6093dd95]" name="tearDown" is-config="true" duration-ms="646" started-at="2020-07-24T07:04:50Z" finished-at="2020-07-24T07:04:51Z">
          <reporter-output>
          </reporter-output>
        </test-method> <!-- tearDown -->
      </class> <!-- com.qa.test.Testing -->
    </test> <!-- Default test -->
  </suite> <!-- Default suite -->
</testng-results>
