<?xml version="1.0" encoding="UTF-8"?>
<!-- Generated by org.testng.reporters.JUnitXMLReporter -->
<testsuite hostname="S3LAP700" ignored="4" name="Group Test" tests="2" failures="2" timestamp="21 Jul 2020 10:32:45 GMT" time="0.062" errors="0">
  <testcase name="verifySubmitButton" time="0.018" classname="com.qa.test.Testing">
    <failure type="java.lang.NullPointerException">
      <![CDATA[java.lang.NullPointerException
at com.qa.test.Testing.verifySubmitButton(Testing.java:104)
... Removed 25 stack frames]]>
    </failure>
  </testcase> <!-- verifySubmitButton -->
  <testcase name="verifyVehicleListOfValues" time="0.002" classname="com.qa.test.Testing">
    <failure type="java.lang.NullPointerException">
      <![CDATA[java.lang.NullPointerException
at com.qa.test.Testing.verifyVehicleListOfValues(Testing.java:111)
... Removed 25 stack frames]]>
    </failure>
  </testcase> <!-- verifyVehicleListOfValues -->
  <testcase name="verifyHomePageHeader" time="0.0" classname="com.qa.test.Testing">
    <ignored/>
  </testcase> <!-- verifyHomePageHeader -->
  <testcase name="verify_VehicleListOfValues" time="0.0" classname="com.qa.test.Testing">
    <ignored/>
  </testcase> <!-- verify_VehicleListOfValues -->
  <testcase name="verifyPageTitle" time="0.0" classname="com.qa.test.Testing">
    <ignored/>
  </testcase> <!-- verifyPageTitle -->
  <testcase name="verify_SubmitButton" time="0.0" classname="com.qa.test.Testing">
    <ignored/>
  </testcase> <!-- verify_SubmitButton -->
</testsuite> <!-- Group Test -->
